 580300 qserv     20   0   11.8g   2.9g  23296 S  1231   1.1  10:38.19 mariadbd
 580300 qserv     20   0   11.8g   2.9g  23296 S  1197   1.1  12:38.23 mariadbd
 580300 qserv     20   0   11.8g   2.9g  23296 S  1198   1.1  14:38.26 mariadbd
 580300 qserv     20   0   11.8g   2.9g  23296 S  1197   1.1  16:38.31 mariadbd
 580300 qserv     20   0   11.8g   2.9g  23296 S  1204   1.1  18:38.91 mariadbd
 580300 qserv     20   0   11.8g   2.9g  23296 S  1131   1.1  20:32.31 mariadbd
 580300 qserv     20   0   11.8g   2.9g  23296 S 831.1   1.1  21:55.59 mariadbd
 580300 qserv     20   0   11.8g   2.9g  23296 S 500.7   1.1  22:45.81 mariadbd
 580300 qserv     20   0   12.2g   3.3g  23296 S 230.6   1.3  23:08.89 mariadbd
 580300 qserv     20   0   13.4g   4.5g  23296 S 592.1   1.8  24:08.28 mariadbd
 580300 qserv     20   0   13.8g   4.9g  23296 S  2970   2.0  29:05.85 mariadbd
 580300 qserv     20   0   14.1g   5.2g  23296 S  4087   2.1  35:56.23 mariadbd
 580300 qserv     20   0   14.6g   5.7g  23296 S  4023   2.3  42:39.74 mariadbd
 580300 qserv     20   0   14.6g   5.7g  23296 S  3595   2.3  48:40.67 mariadbd
 580300 qserv     20   0   14.6g   5.7g  23296 S  3070   2.3  53:48.93 mariadbd
 580300 qserv     20   0   14.6g   5.7g  23296 S  2506   2.3  58:00.32 mariadbd
 580300 qserv     20   0   14.6g   5.7g  23296 S  2375   2.3  61:58.81 mariadbd
 580300 qserv     20   0   14.6g   5.7g  23296 S  2293   2.3  65:48.98 mariadbd
 580300 qserv     20   0   14.6g   5.7g  23296 S  2133   2.3  69:22.71 mariadbd
 580300 qserv     20   0   14.6g   5.7g  23296 S  1869   2.3  72:30.40 mariadbd
 580300 qserv     20   0   14.6g   5.7g  23296 S  1831   2.3  75:34.05 mariadbd
 580300 qserv     20   0   15.4g   6.4g  23296 S  2296   2.6  79:24.13 mariadbd
 580300 qserv     20   0   16.6g   7.6g  23296 S  2592   3.0  83:44.15 mariadbd
 580300 qserv     20   0   17.8g   8.8g  23296 S  2723   3.5  88:17.53 mariadbd
 580300 qserv     20   0   18.9g  10.0g  23296 S  2782   4.0  92:56.58 mariadbd
 580300 qserv     20   0   19.1g  10.1g  23296 S  3397   4.0  98:37.31 mariadbd
 580300 qserv     20   0   19.1g  10.1g  23296 S  3007   4.0 103:38.94 mariadbd
 580300 qserv     20   0   19.1g  10.1g  23296 S  2580   4.0 107:57.44 mariadbd
 580300 qserv     20   0   19.1g  10.1g  23296 S  2124   4.0 111:30.47 mariadbd
 580300 qserv     20   0   19.1g  10.1g  23296 S  1775   4.0 114:28.52 mariadbd
 580300 qserv     20   0   19.1g  10.1g  23296 S  1696   4.0 117:18.58 mariadbd
 580300 qserv     20   0   19.1g  10.1g  23296 S  1651   4.0 120:04.03 mariadbd
 580300 qserv     20   0   19.1g  10.1g  23296 S  1596   4.0 122:44.08 mariadbd
 580300 qserv     20   0   19.1g  10.1g  23296 S  1597   4.0 125:24.10 mariadbd
 580300 qserv     20   0   19.1g  10.1g  23296 S  1589   4.0 128:03.51 mariadbd
 580300 qserv     20   0   19.1g  10.1g  23296 S  1486   4.0 130:32.40 mariadbd
 580300 qserv     20   0   19.1g  10.1g  23296 S  1345   4.0 132:47.16 mariadbd
 580300 qserv     20   0   19.1g  10.1g  23296 S  1184   4.0 134:45.94 mariadbd
 580300 qserv     20   0   19.1g  10.1g  23296 S 750.6   4.0 136:01.08 mariadbd
 580300 qserv     20   0   19.1g  10.1g  23296 S 219.0   4.0 136:23.05 mariadbd
 580300 qserv     20   0   19.1g  10.1g  23296 S   0.0   4.0 136:23.05 mariadbd
 580300 qserv     20   0   19.1g  10.1g  23296 S   0.0   4.0 136:23.05 mariadbd
 580300 qserv     20   0   19.1g  10.1g  23296 S   0.0   4.0 136:23.05 mariadbd
 580300 qserv     20   0   19.1g  10.1g  23296 S   0.0   4.0 136:23.05 mariadbd
 580300 qserv     20   0   19.1g  10.1g  23296 S   0.0   4.0 136:23.05 mariadbd
 580300 qserv     20   0   19.1g  10.1g  23296 S   0.0   4.0 136:23.05 mariadbd
 580300 qserv     20   0   19.1g  10.1g  23296 S   0.0   4.0 136:23.05 mariadbd
 580300 qserv     20   0   19.1g  10.1g  23296 S   0.0   4.0 136:23.05 mariadbd
 580300 qserv     20   0   19.1g  10.1g  24300 S   0.0   4.0 136:23.05 mariadbd
 580300 qserv     20   0   19.1g  10.1g  24300 S   0.0   4.0 136:23.05 mariadbd
 580300 qserv     20   0   19.1g  10.1g  24300 S   0.0   4.0 136:23.05 mariadbd
 580300 qserv     20   0   19.1g  10.1g  24300 S   0.1   4.0 136:23.06 mariadbd
 580300 qserv     20   0   19.1g  10.1g  24300 S   0.0   4.0 136:23.06 mariadbd
 580300 qserv     20   0   19.1g  10.1g  24300 S   0.0   4.0 136:23.06 mariadbd
 580300 qserv     20   0   19.1g  10.1g  24300 S   0.0   4.0 136:23.06 mariadbd
 580300 qserv     20   0   19.1g  10.1g  24300 S   0.0   4.0 136:23.06 mariadbd
 580300 qserv     20   0   19.1g  10.1g  24300 S   0.0   4.0 136:23.06 mariadbd
 580300 qserv     20   0   19.1g  10.1g  24300 S   0.0   4.0 136:23.06 mariadbd
 580300 qserv     20   0   19.1g  10.1g  24300 S   0.0   4.0 136:23.06 mariadbd
 580300 qserv     20   0   19.1g  10.1g  24300 S   0.1   4.0 136:23.07 mariadbd
 580300 qserv     20   0   19.1g  10.1g  24300 S   0.0   4.0 136:23.07 mariadbd
 580300 qserv     20   0   19.1g  10.1g  24300 S   0.0   4.0 136:23.07 mariadbd
 580300 qserv     20   0   19.1g  10.1g  24300 S   0.0   4.0 136:23.07 mariadbd
 580300 qserv     20   0   19.1g  10.1g  24300 S   0.0   4.0 136:23.07 mariadbd
 580300 qserv     20   0   19.1g  10.1g  24300 S   0.0   4.0 136:23.07 mariadbd
 580300 qserv     20   0   19.1g  10.1g  24300 S   0.0   4.0 136:23.07 mariadbd
 580300 qserv     20   0   19.1g  10.1g  24300 S   0.0   4.0 136:23.07 mariadbd
 580300 qserv     20   0   19.1g  10.1g  24300 S   2.1   4.0 136:23.28 mariadbd
 580300 qserv     20   0   19.1g  10.1g  24300 S   0.0   4.0 136:23.28 mariadbd
 580300 qserv     20   0   19.1g  10.1g  24300 S   0.0   4.0 136:23.28 mariadbd
 580300 qserv     20   0   19.1g  10.1g  24300 S   0.0   4.0 136:23.28 mariadbd
 580300 qserv     20   0   19.1g  10.1g  24300 S   0.0   4.0 136:23.28 mariadbd
 580300 qserv     20   0   19.1g  10.1g  24300 S   0.0   4.0 136:23.28 mariadbd
 580300 qserv     20   0   19.1g  10.1g  24300 S   0.0   4.0 136:23.28 mariadbd
 580300 qserv     20   0   19.1g  10.1g  24300 S   0.0   4.0 136:23.28 mariadbd
 580300 qserv     20   0   19.1g  10.1g  24300 S   0.0   4.0 136:23.28 mariadbd
 580300 qserv     20   0   19.1g  10.1g  24300 S   0.0   4.0 136:23.28 mariadbd
 580300 qserv     20   0   19.1g  10.1g  24300 S   0.0   4.0 136:23.28 mariadbd
 580300 qserv     20   0   19.1g  10.1g  24300 S   0.0   4.0 136:23.28 mariadbd
 580300 qserv     20   0   19.1g  10.1g  24300 S   0.0   4.0 136:23.28 mariadbd
 580300 qserv     20   0   19.1g  10.1g  24300 S   0.0   4.0 136:23.28 mariadbd
 580300 qserv     20   0   19.1g  10.1g  24300 S   0.0   4.0 136:23.28 mariadbd
 580300 qserv     20   0   19.1g  10.1g  24300 S   0.0   4.0 136:23.28 mariadbd
 580300 qserv     20   0   19.1g  10.1g  24300 S   0.0   4.0 136:23.28 mariadbd
 580300 qserv     20   0   19.1g  10.1g  24300 S   0.0   4.0 136:23.28 mariadbd
 580300 qserv     20   0   19.1g  10.1g  24300 S   0.0   4.0 136:23.28 mariadbd
 580300 qserv     20   0   19.1g  10.1g  24300 S   0.0   4.0 136:23.28 mariadbd
 580300 qserv     20   0   19.1g  10.1g  24300 S   0.0   4.0 136:23.28 mariadbd
 580300 qserv     20   0   19.1g  10.1g  24300 S   0.0   4.0 136:23.28 mariadbd
 580300 qserv     20   0   19.1g  10.1g  24300 S   0.0   4.0 136:23.28 mariadbd
 580300 qserv     20   0   19.1g  10.1g  24300 S   0.0   4.0 136:23.28 mariadbd
 580300 qserv     20   0   19.1g  10.1g  24300 S   0.1   4.0 136:23.29 mariadbd
 580300 qserv     20   0   19.1g  10.1g  24300 S   0.0   4.0 136:23.29 mariadbd
 580300 qserv     20   0   19.1g  10.1g  24300 S   0.0   4.0 136:23.29 mariadbd
 580300 qserv     20   0   19.1g  10.1g  24300 S   0.0   4.0 136:23.29 mariadbd
 580300 qserv     20   0   19.1g  10.1g  24300 S   0.0   4.0 136:23.29 mariadbd
 580300 qserv     20   0   19.1g  10.1g  24300 S   6.2   4.0 136:23.91 mariadbd
 580300 qserv     20   0   19.1g  10.1g  24300 S   0.0   4.0 136:23.91 mariadbd
 580300 qserv     20   0   19.1g  10.1g  24300 S   0.0   4.0 136:23.91 mariadbd
 580300 qserv     20   0   19.1g  10.1g  24300 S   0.0   4.0 136:23.91 mariadbd
 580300 qserv     20   0   19.1g  10.1g  24300 S   0.0   4.0 136:23.91 mariadbd
 580300 qserv     20   0   19.1g  10.1g  24300 S   0.0   4.0 136:23.91 mariadbd
 580300 qserv     20   0   19.1g  10.1g  24300 S   0.0   4.0 136:23.91 mariadbd
 580300 qserv     20   0   19.1g  10.1g  24300 S   0.0   4.0 136:23.91 mariadbd
 580300 qserv     20   0   19.1g  10.1g  24300 S   8.3   4.0 136:24.74 mariadbd
 580300 qserv     20   0   19.1g  10.1g  24300 S   0.0   4.0 136:24.74 mariadbd
 580300 qserv     20   0   19.1g  10.1g  24300 S   0.1   4.0 136:24.75 mariadbd
 580300 qserv     20   0   19.1g  10.1g  24300 S   0.0   4.0 136:24.75 mariadbd
 580300 qserv     20   0   19.1g  10.1g  24300 S   0.0   4.0 136:24.75 mariadbd
 580300 qserv     20   0   19.1g  10.1g  24300 S   0.0   4.0 136:24.75 mariadbd
 580300 qserv     20   0   19.1g  10.1g  24300 S   0.0   4.0 136:24.75 mariadbd
 580300 qserv     20   0   19.1g  10.1g  24300 S   0.0   4.0 136:24.75 mariadbd
 580300 qserv     20   0   19.1g  10.1g  24300 S   0.0   4.0 136:24.75 mariadbd
 580300 qserv     20   0   19.1g  10.1g  24300 S   0.0   4.0 136:24.75 mariadbd
 580300 qserv     20   0   19.1g  10.1g  24300 S   0.0   4.0 136:24.75 mariadbd
 580300 qserv     20   0   19.1g  10.1g  24300 S   0.0   4.0 136:24.75 mariadbd
 580300 qserv     20   0   19.1g  10.1g  24300 S   0.0   4.0 136:24.75 mariadbd
 580300 qserv     20   0   19.1g  10.1g  24300 S   0.0   4.0 136:24.75 mariadbd
 580300 qserv     20   0   19.1g  10.1g  24300 S   0.0   4.0 136:24.75 mariadbd
 580300 qserv     20   0   19.1g  10.1g  24300 S   0.0   4.0 136:24.75 mariadbd
 580300 qserv     20   0   19.1g  10.1g  24300 S   0.0   4.0 136:24.75 mariadbd
 580300 qserv     20   0   19.1g  10.1g  24300 S   0.0   4.0 136:24.75 mariadbd
 580300 qserv     20   0   19.1g  10.1g  24300 S   0.0   4.0 136:24.75 mariadbd
 580300 qserv     20   0   19.1g  10.1g  24300 S   0.0   4.0 136:24.75 mariadbd
 580300 qserv     20   0   19.1g  10.1g  24300 S   0.0   4.0 136:24.75 mariadbd
 580300 qserv     20   0   19.1g  10.1g  24300 S   0.1   4.0 136:24.76 mariadbd
 580300 qserv     20   0   19.1g  10.1g  24300 S   0.0   4.0 136:24.76 mariadbd
 580300 qserv     20   0   19.1g  10.1g  24300 S   0.0   4.0 136:24.76 mariadbd
